#
# A fatal error has been detected by the Java Runtime Environment:
#
#  SIGSEGV (0xb) at pc=0x0000000107df17b7, pid=3632, tid=0x0000000000002803
#
# JRE version: OpenJDK Runtime Environment (8.0_112-b06) (build 1.8.0_112-release-b06)
# Java VM: OpenJDK 64-Bit Server VM (25.112-b06 mixed mode bsd-amd64 compressed oops)
# Problematic frame:
# V  [libjvm.dylib+0x2ac7b7]  InstanceKlass::clean_method_data(BoolObjectClosure*)+0x27
#
# Failed to write core dump. Core dumps have been disabled. To enable core dumping, try "ulimit -c unlimited" before starting Java again
#
# If you would like to submit a bug report, please visit:
#   http://bugreport.java.com/bugreport/crash.jsp
#

---------------  T H R E A D  ---------------

Current thread (0x00007fe694045800):  VMThread [stack: 0x0000700000423000,0x0000700000523000] [id=10243]

siginfo: si_signo: 11 (SIGSEGV), si_code: 1 (SEGV_MAPERR), si_addr: 0x000000e82038fca0

Registers:
RAX=0x000000e82038fc90, RBX=0x00000001083d0e90, RCX=0x00007fe69732a600, RDX=0x0000000000000197
RSP=0x00007000005225a0, RBP=0x00007000005225c0, RSI=0x00000001083d0e90, RDI=0x00000007c04144a8
R8 =0x0000000000000000, R9 =0x0000000108329468, R10=0x00000000ffffffff, R11=0xffffffff00000000
R12=0x00000007c0413ee0, R13=0x0000000000000000, R14=0x00000007c04144a8, R15=0x0000000000000000
RIP=0x0000000107df17b7, EFLAGS=0x0000000000010246, ERR=0x0000000000000004
  TRAPNO=0x000000000000000e

Top of Stack: (sp=0x00007000005225a0)
0x00007000005225a0:   00007000005225c0 00000001083d0e90
0x00007000005225b0:   00000007c04144a8 00000007c04144a8
0x00007000005225c0:   00007000005225e0 0000000107df1861
0x00007000005225d0:   00000001083d0e90 0000700000522600
0x00007000005225e0:   0000700000522670 0000000107ec8ad2
0x00007000005225f0:   00000001083c0510 0000000100522580
0x0000700000522600:   0000000108325f30 00000000000001fe
0x0000700000522610:   ffffffffffffff00 0000000000000004
0x0000700000522620:   0000000000000198 0000000000000000
0x0000700000522630:   0000000000000000 00007fe69732a600
0x0000700000522640:   0000000000000000 0000700000522740
0x0000700000522650:   0000000000000000 00007fe695768090
0x0000700000522660:   00000001083d0e90 0000700000522788
0x0000700000522670:   0000700000522800 0000000107fd9a86
0x0000700000522680:   00000001083d1110 0000000000000027
0x0000700000522690:   0000000000002a20 000000000000184f
0x00007000005226a0:   000000000000031c 0000000000000020
0x00007000005226b0:   00000001080f1cd6 0000000000000080
0x00007000005226c0:   0000700000522700 00007fff9ae1a9c2
0x00007000005226d0:   00007000005227c8 0000000000002a20
0x00007000005226e0:   000000000000184f 000000000000031c
0x00007000005226f0:   0000000000000020 0000000108120541
0x0000700000522700:   0000700000520100 00000001083d1110
0x0000700000522710:   00000e12c602fe0b 0000000107fd5a01
0x0000700000522720:   0000000108120538 0000000107fd0100
0x0000700000522730:   00000001083d1110 00000e12579d7a89
0x0000700000522740:   00000001080f1d01 00007fe693c10100
0x0000700000522750:   00000001083d1110 00000e12c8e817cb
0x0000700000522760:   00000001083bfe80 00007fe693c135b0
0x0000700000522770:   00000001083bfea0 0000000107fd5700
0x0000700000522780:   00007fe693c135b0 00000001083c1bd0
0x0000700000522790:   00007fe600000002 00007fe693c13340 

Instructions: (pc=0x0000000107df17b7)
0x0000000107df1797:   56 53 48 83 ec 08 48 8b 87 70 01 00 00 83 38 00
0x0000000107df17a7:   7e 2e 48 89 f3 49 89 fe 45 31 ff 4a 8b 44 f8 08
0x0000000107df17b7:   48 8b 78 10 48 85 ff 74 08 48 89 de e8 60 9f 17
0x0000000107df17c7:   00 49 ff c7 49 8b 86 70 01 00 00 44 3b 38 7c db 

Register to memory mapping:

RAX=0x000000e82038fc90 is an unknown value
RBX=0x00000001083d0e90: _ZN17PSParallelCompact17_is_alive_closureE+0 in /Applications/Android Studio.app/Contents/jre/jdk/Contents/Home/jre/lib/server/libjvm.dylib at 0x0000000107b45000
RCX=0x00007fe69732a600 is an unknown value
RDX=0x0000000000000197 is an unknown value
RSP=0x00007000005225a0 is an unknown value
RBP=0x00007000005225c0 is an unknown value
RSI=0x00000001083d0e90: _ZN17PSParallelCompact17_is_alive_closureE+0 in /Applications/Android Studio.app/Contents/jre/jdk/Contents/Home/jre/lib/server/libjvm.dylib at 0x0000000107b45000
RDI=0x00000007c04144a8 is pointing into metadata
R8 =0x0000000000000000 is an unknown value
R9 =0x0000000108329468: _ZL8tc_mutex+0x18 in /Applications/Android Studio.app/Contents/jre/jdk/Contents/Home/jre/lib/server/libjvm.dylib at 0x0000000107b45000
R10=0x00000000ffffffff is an unknown value
R11=0xffffffff00000000 is an unknown value
R12=0x00000007c0413ee0 is pointing into metadata
R13=0x0000000000000000 is an unknown value
R14=0x00000007c04144a8 is pointing into metadata
R15=0x0000000000000000 is an unknown value


Stack: [0x0000700000423000,0x0000700000523000],  sp=0x00007000005225a0,  free space=1021k
Native frames: (J=compiled Java code, j=interpreted, Vv=VM code, C=native code)
V  [libjvm.dylib+0x2ac7b7]  InstanceKlass::clean_method_data(BoolObjectClosure*)+0x27
V  [libjvm.dylib+0x2ac861]  InstanceKlass::clean_weak_instanceklass_links(BoolObjectClosure*)+0x23
V  [libjvm.dylib+0x383ad2]  Klass::clean_weak_klass_links(BoolObjectClosure*, bool)+0x12c
V  [libjvm.dylib+0x494a86]  PSParallelCompact::marking_phase(ParCompactionManager*, bool, ParallelOldTracer*)+0x544
V  [libjvm.dylib+0x495f46]  PSParallelCompact::invoke_no_policy(bool)+0x406
V  [libjvm.dylib+0x49a4f4]  PSScavenge::invoke()+0xd6
V  [libjvm.dylib+0x46d3e5]  ParallelScavengeHeap::failed_mem_allocate(unsigned long)+0x27
V  [libjvm.dylib+0x57f59c]  VM_ParallelGCFailedAllocation::doit()+0x4a
V  [libjvm.dylib+0x5856ed]  VM_Operation::evaluate()+0x4f
V  [libjvm.dylib+0x58410f]  VMThread::evaluate_operation(VM_Operation*)+0xdf
V  [libjvm.dylib+0x58455c]  VMThread::loop()+0x328
V  [libjvm.dylib+0x583e7b]  VMThread::run()+0x79
V  [libjvm.dylib+0x45bf0a]  java_start(Thread*)+0xf6
C  [libsystem_pthread.dylib+0x399d]  _pthread_body+0x83
C  [libsystem_pthread.dylib+0x391a]  _pthread_body+0x0
C  [libsystem_pthread.dylib+0x1351]  thread_start+0xd

VM_Operation (0x0000700001c94d28): ParallelGCFailedAllocation, mode: safepoint, requested by thread 0x00007fe6964ff000


---------------  P R O C E S S  ---------------

Java Threads: ( => current thread )
  0x00007fe6953de000 JavaThread "pool-320-thread-4" [_thread_blocked, id=24287, stack(0x00007000025b4000,0x00007000026b4000)]
  0x00007fe695a49800 JavaThread "pool-320-thread-2" [_thread_blocked, id=20647, stack(0x00007000023ae000,0x00007000024ae000)]
  0x00007fe695adb000 JavaThread "pool-321-thread-1" [_thread_blocked, id=31143, stack(0x00007000022ab000,0x00007000023ab000)]
  0x00007fe694d04800 JavaThread "pool-318-thread-4" [_thread_blocked, id=28619, stack(0x00007000020a5000,0x00007000021a5000)]
  0x00007fe697341800 JavaThread "pool-318-thread-3" [_thread_blocked, id=19579, stack(0x0000700001fa2000,0x00007000020a2000)]
  0x00007fe695bcc800 JavaThread "pool-318-thread-2" [_thread_blocked, id=31907, stack(0x0000700001e9f000,0x0000700001f9f000)]
  0x00007fe6973d2000 JavaThread "pool-319-thread-1" [_thread_blocked, id=33923, stack(0x0000700001d9c000,0x0000700001e9c000)]
  0x00007fe6964ff000 JavaThread "pool-318-thread-1" [_thread_blocked, id=21667, stack(0x0000700001b96000,0x0000700001c96000)]
  0x00007fe69651a000 JavaThread "pool-315-thread-2" [_thread_blocked, id=19335, stack(0x000070000175f000,0x000070000185f000)]
  0x00007fe69580d800 JavaThread "pool-315-thread-1" [_thread_blocked, id=31343, stack(0x000070000165c000,0x000070000175c000)]
  0x00007fe69849a800 JavaThread "process reaper" daemon [_thread_blocked, id=34987, stack(0x0000700000097000,0x00007000000bf000)]
  0x00007fe6972eb000 JavaThread "Cache update executor" [_thread_blocked, id=24987, stack(0x0000700001559000,0x0000700001659000)]
  0x00007fe6953ed000 JavaThread "Stdin handler" [_thread_blocked, id=28315, stack(0x0000700001353000,0x0000700001453000)]
  0x00007fe69512b800 JavaThread "Asynchronous log dispatcher for DefaultDaemonConnection: socket connection from /127.0.0.1:57178 to /127.0.0.1:52201" [_thread_blocked, id=34419, stack(0x0000700001250000,0x0000700001350000)]
  0x00007fe6958d6000 JavaThread "Daemon worker Thread 23" [_thread_blocked, id=26007, stack(0x000070000114d000,0x000070000124d000)]
  0x00007fe6953d0000 JavaThread "Cancel handler" [_thread_blocked, id=11943, stack(0x000070000104a000,0x000070000114a000)]
  0x00007fe696264800 JavaThread "Handler for socket connection from /127.0.0.1:57178 to /127.0.0.1:52201" [_thread_in_native, id=35823, stack(0x0000700000f47000,0x0000700001047000)]
  0x00007fe696222000 JavaThread "Daemon Thread 23" [_thread_blocked, id=26787, stack(0x0000700000e44000,0x0000700000f44000)]
  0x00007fe6958fe000 JavaThread "pool-7-thread-4" [_thread_blocked, id=23571, stack(0x0000700001a93000,0x0000700001b93000)]
  0x00007fe695ea4800 JavaThread "pool-7-thread-3" [_thread_blocked, id=27659, stack(0x0000700001c99000,0x0000700001d99000)]
  0x00007fe6958e2000 JavaThread "pool-7-thread-1" [_thread_blocked, id=23055, stack(0x0000700001990000,0x0000700001a90000)]
  0x00007fe6972a6800 JavaThread "pool-7-thread-2" [_thread_blocked, id=25095, stack(0x000070000188d000,0x000070000198d000)]
  0x00007fe6961ae000 JavaThread "File lock request listener" [_thread_in_native, id=12551, stack(0x000070000072c000,0x000070000082c000)]
  0x00007fe694c4b800 JavaThread "pool-1-thread-1" [_thread_blocked, id=21767, stack(0x0000700001456000,0x0000700001556000)]
  0x00007fe694c0b000 JavaThread "Incoming local TCP Connector on port 57178" [_thread_in_native, id=18179, stack(0x0000700000d41000,0x0000700000e41000)]
  0x00007fe69402c800 JavaThread "Service Thread" daemon [_thread_blocked, id=17155, stack(0x0000700000b3b000,0x0000700000c3b000)]
  0x00007fe69489e000 JavaThread "C1 CompilerThread1" daemon [_thread_blocked, id=16643, stack(0x0000700000a38000,0x0000700000b38000)]
  0x00007fe694839000 JavaThread "C2 CompilerThread0" daemon [_thread_blocked, id=16131, stack(0x0000700000935000,0x0000700000a35000)]
  0x00007fe694845000 JavaThread "Signal Dispatcher" daemon [_thread_blocked, id=12815, stack(0x0000700000832000,0x0000700000932000)]
  0x00007fe694833000 JavaThread "Finalizer" daemon [_thread_blocked, id=11267, stack(0x0000700000629000,0x0000700000729000)]
  0x00007fe69482d000 JavaThread "Reference Handler" daemon [_thread_blocked, id=10755, stack(0x0000700000526000,0x0000700000626000)]
  0x00007fe694805800 JavaThread "main" [_thread_blocked, id=5891, stack(0x000070000011a000,0x000070000021a000)]

Other Threads:
=>0x00007fe694045800 VMThread [stack: 0x0000700000423000,0x0000700000523000] [id=10243]
  0x00007fe694061000 WatcherThread [stack: 0x0000700000c3e000,0x0000700000d3e000] [id=17667]

VM state:at safepoint (normal execution)

VM Mutex/Monitor currently owned by a thread:  ([mutex/lock_event])
[0x00007fe693c09dc0] Threads_lock - owner thread: 0x00007fe694045800
[0x00007fe693c0a2c0] Heap_lock - owner thread: 0x00007fe6964ff000

Heap:
 PSYoungGen      total 368640K, used 7664K [0x00000007a0000000, 0x00000007bad80000, 0x00000007c0000000)
  eden space 360960K, 0% used [0x00000007a0000000,0x00000007a0000000,0x00000007b6080000)
  from space 7680K, 99% used [0x00000007b9880000,0x00000007b9ffc030,0x00000007ba000000)
  to   space 39424K, 0% used [0x00000007b6080000,0x00000007b6080000,0x00000007b8700000)
 ParOldGen       total 108544K, used 108342K [0x0000000760000000, 0x0000000766a00000, 0x00000007a0000000)
  object space 108544K, 99% used [0x0000000760000000,0x00000007669cd838,0x0000000766a00000)
 Metaspace       used 74390K, capacity 80886K, committed 81152K, reserved 1120256K
  class space    used 9229K, capacity 9940K, committed 9984K, reserved 1048576K

Card table byte_map: [0x0000000117fc0000,0x00000001182c1000] byte_map_base: 0x00000001144c0000

Marking Bits: (ParMarkBitMap*) 0x00000001083d0ed0
 Begin Bits: [0x00000001184c1000, 0x0000000119cc1000)
 End Bits:   [0x0000000119cc1000, 0x000000011b4c1000)

Polling page: 0x0000000108681000

CodeCache: size=245760Kb used=61354Kb max_used=61354Kb free=184405Kb
 bounds [0x0000000108c00000, 0x000000010c860000, 0x0000000117c00000]
 total_blobs=18772 nmethods=17978 adapters=707
 compilation: enabled

Compilation events (10 events):
Event: 15469.619 Thread 0x00007fe69489e000 25929       3       com.android.dx.ssa.PhiInsn::updateSourcesToDefinitions (68 bytes)
Event: 15469.620 Thread 0x00007fe69489e000 nmethod 25929 0x000000010c8495d0 code [0x000000010c8497e0, 0x000000010c84a4f8]
Event: 15469.854 Thread 0x00007fe69489e000 25930       2       com.android.dx.rop.code.Rops::opConv (231 bytes)
Event: 15469.856 Thread 0x00007fe69489e000 nmethod 25930 0x000000010c84aad0 code [0x000000010c84ad60, 0x000000010c84b8f8]
Event: 15469.954 Thread 0x00007fe69489e000 25931 %     3       com.android.dx.ssa.back.FirstFitLocalCombiningAllocator::canMapRegs @ 5 (60 bytes)
Event: 15469.956 Thread 0x00007fe69489e000 nmethod 25931% 0x000000010c84c610 code [0x000000010c84c880, 0x000000010c84da38]
Event: 15469.959 Thread 0x00007fe69489e000 25932       3       com.android.dx.ssa.back.FirstFitLocalCombiningAllocator::canMapRegs (60 bytes)
Event: 15469.961 Thread 0x00007fe69489e000 nmethod 25932 0x000000010c84e2d0 code [0x000000010c84e540, 0x000000010c84f6c8]
Event: 15469.998 Thread 0x00007fe69489e000 25933   !   2       java.util.concurrent.ConcurrentHashMap::putVal (362 bytes)
Event: 15470.006 Thread 0x00007fe69489e000 nmethod 25933 0x000000010c84ff90 code [0x000000010c8501a0, 0x000000010c850e98]

GC Heap History (10 events):
Event: 13504.704 GC heap after
Heap after GC invocations=35 (full 3):
 PSYoungGen      total 347136K, used 5013K [0x00000007a0000000, 0x00000007bb500000, 0x00000007c0000000)
  eden space 342016K, 0% used [0x00000007a0000000,0x00000007a0000000,0x00000007b4e00000)
  from space 5120K, 97% used [0x00000007bb000000,0x00000007bb4e5658,0x00000007bb500000)
  to   space 17920K, 0% used [0x00000007b9200000,0x00000007b9200000,0x00000007ba380000)
 ParOldGen       total 80896K, used 50039K [0x0000000760000000, 0x0000000764f00000, 0x00000007a0000000)
  object space 80896K, 61% used [0x0000000760000000,0x00000007630ddf00,0x0000000764f00000)
 Metaspace       used 73747K, capacity 79966K, committed 80128K, reserved 1120256K
  class space    used 9178K, capacity 9906K, committed 9984K, reserved 1048576K
}
Event: 13842.062 GC heap before
{Heap before GC invocations=36 (full 3):
 PSYoungGen      total 347136K, used 347029K [0x00000007a0000000, 0x00000007bb500000, 0x00000007c0000000)
  eden space 342016K, 100% used [0x00000007a0000000,0x00000007b4e00000,0x00000007b4e00000)
  from space 5120K, 97% used [0x00000007bb000000,0x00000007bb4e5658,0x00000007bb500000)
  to   space 17920K, 0% used [0x00000007b9200000,0x00000007b9200000,0x00000007ba380000)
 ParOldGen       total 80896K, used 50039K [0x0000000760000000, 0x0000000764f00000, 0x00000007a0000000)
  object space 80896K, 61% used [0x0000000760000000,0x00000007630ddf00,0x0000000764f00000)
 Metaspace       used 73894K, capacity 80172K, committed 80384K, reserved 1120256K
  class space    used 9197K, capacity 9927K, committed 9984K, reserved 1048576K
Event: 13842.126 GC heap after
Heap after GC invocations=36 (full 3):
 PSYoungGen      total 332288K, used 5396K [0x00000007a0000000, 0x00000007bb080000, 0x00000007c0000000)
  eden space 326656K, 0% used [0x00000007a0000000,0x00000007a0000000,0x00000007b3f00000)
  from space 5632K, 95% used [0x00000007b9200000,0x00000007b97452c0,0x00000007b9780000)
  to   space 17408K, 0% used [0x00000007b9f80000,0x00000007b9f80000,0x00000007bb080000)
 ParOldGen       total 80896K, used 50039K [0x0000000760000000, 0x0000000764f00000, 0x00000007a0000000)
  object space 80896K, 61% used [0x0000000760000000,0x00000007630ddf00,0x0000000764f00000)
 Metaspace       used 73894K, capacity 80172K, committed 80384K, reserved 1120256K
  class space    used 9197K, capacity 9927K, committed 9984K, reserved 1048576K
}
Event: 13851.777 GC heap before
{Heap before GC invocations=37 (full 3):
 PSYoungGen      total 332288K, used 332052K [0x00000007a0000000, 0x00000007bb080000, 0x00000007c0000000)
  eden space 326656K, 100% used [0x00000007a0000000,0x00000007b3f00000,0x00000007b3f00000)
  from space 5632K, 95% used [0x00000007b9200000,0x00000007b97452c0,0x00000007b9780000)
  to   space 17408K, 0% used [0x00000007b9f80000,0x00000007b9f80000,0x00000007bb080000)
 ParOldGen       total 80896K, used 50039K [0x0000000760000000, 0x0000000764f00000, 0x00000007a0000000)
  object space 80896K, 61% used [0x0000000760000000,0x00000007630ddf00,0x0000000764f00000)
 Metaspace       used 73982K, capacity 80380K, committed 80640K, reserved 1120256K
  class space    used 9197K, capacity 9927K, committed 9984K, reserved 1048576K
Event: 13851.836 GC heap after
Heap after GC invocations=37 (full 3):
 PSYoungGen      total 322560K, used 9903K [0x00000007a0000000, 0x00000007ba980000, 0x00000007c0000000)
  eden space 312320K, 0% used [0x00000007a0000000,0x00000007a0000000,0x00000007b3100000)
  from space 10240K, 96% used [0x00000007b9f80000,0x00000007ba92bd80,0x00000007ba980000)
  to   space 17408K, 0% used [0x00000007b8780000,0x00000007b8780000,0x00000007b9880000)
 ParOldGen       total 80896K, used 50039K [0x0000000760000000, 0x0000000764f00000, 0x00000007a0000000)
  object space 80896K, 61% used [0x0000000760000000,0x00000007630ddf00,0x0000000764f00000)
 Metaspace       used 73982K, capacity 80380K, committed 80640K, reserved 1120256K
  class space    used 9197K, capacity 9927K, committed 9984K, reserved 1048576K
}
Event: 15467.298 GC heap before
{Heap before GC invocations=38 (full 3):
 PSYoungGen      total 322560K, used 322223K [0x00000007a0000000, 0x00000007ba980000, 0x00000007c0000000)
  eden space 312320K, 100% used [0x00000007a0000000,0x00000007b3100000,0x00000007b3100000)
  from space 10240K, 96% used [0x00000007b9f80000,0x00000007ba92bd80,0x00000007ba980000)
  to   space 17408K, 0% used [0x00000007b8780000,0x00000007b8780000,0x00000007b9880000)
 ParOldGen       total 80896K, used 50039K [0x0000000760000000, 0x0000000764f00000, 0x00000007a0000000)
  object space 80896K, 61% used [0x0000000760000000,0x00000007630ddf00,0x0000000764f00000)
 Metaspace       used 74356K, capacity 80822K, committed 80896K, reserved 1120256K
  class space    used 9228K, capacity 9940K, committed 9984K, reserved 1048576K
Event: 15467.517 GC heap after
Heap after GC invocations=38 (full 3):
 PSYoungGen      total 315904K, used 17402K [0x00000007a0000000, 0x00000007ba000000, 0x00000007c0000000)
  eden space 298496K, 0% used [0x00000007a0000000,0x00000007a0000000,0x00000007b2380000)
  from space 17408K, 99% used [0x00000007b8780000,0x00000007b987ebb8,0x00000007b9880000)
  to   space 7680K, 0% used [0x00000007b9880000,0x00000007b9880000,0x00000007ba000000)
 ParOldGen       total 80896K, used 56849K [0x0000000760000000, 0x0000000764f00000, 0x00000007a0000000)
  object space 80896K, 70% used [0x0000000760000000,0x00000007637847a8,0x0000000764f00000)
 Metaspace       used 74356K, capacity 80822K, committed 80896K, reserved 1120256K
  class space    used 9228K, capacity 9940K, committed 9984K, reserved 1048576K
}
Event: 15470.044 GC heap before
{Heap before GC invocations=39 (full 3):
 PSYoungGen      total 315904K, used 315898K [0x00000007a0000000, 0x00000007ba000000, 0x00000007c0000000)
  eden space 298496K, 100% used [0x00000007a0000000,0x00000007b2380000,0x00000007b2380000)
  from space 17408K, 99% used [0x00000007b8780000,0x00000007b987ebb8,0x00000007b9880000)
  to   space 7680K, 0% used [0x00000007b9880000,0x00000007b9880000,0x00000007ba000000)
 ParOldGen       total 80896K, used 56849K [0x0000000760000000, 0x0000000764f00000, 0x00000007a0000000)
  object space 80896K, 70% used [0x0000000760000000,0x00000007637847a8,0x0000000764f00000)
 Metaspace       used 74390K, capacity 80886K, committed 81152K, reserved 1120256K
  class space    used 9229K, capacity 9940K, committed 9984K, reserved 1048576K
Event: 15471.930 GC heap after
Heap after GC invocations=39 (full 3):
 PSYoungGen      total 368640K, used 7664K [0x00000007a0000000, 0x00000007bad80000, 0x00000007c0000000)
  eden space 360960K, 0% used [0x00000007a0000000,0x00000007a0000000,0x00000007b6080000)
  from space 7680K, 99% used [0x00000007b9880000,0x00000007b9ffc030,0x00000007ba000000)
  to   space 39424K, 0% used [0x00000007b6080000,0x00000007b6080000,0x00000007b8700000)
 ParOldGen       total 108544K, used 108342K [0x0000000760000000, 0x0000000766a00000, 0x00000007a0000000)
  object space 108544K, 99% used [0x0000000760000000,0x00000007669cd838,0x0000000766a00000)
 Metaspace       used 74390K, capacity 80886K, committed 81152K, reserved 1120256K
  class space    used 9229K, capacity 9940K, committed 9984K, reserved 1048576K
}
Event: 15471.941 GC heap before
{Heap before GC invocations=40 (full 4):
 PSYoungGen      total 368640K, used 7664K [0x00000007a0000000, 0x00000007bad80000, 0x00000007c0000000)
  eden space 360960K, 0% used [0x00000007a0000000,0x00000007a0000000,0x00000007b6080000)
  from space 7680K, 99% used [0x00000007b9880000,0x00000007b9ffc030,0x00000007ba000000)
  to   space 39424K, 0% used [0x00000007b6080000,0x00000007b6080000,0x00000007b8700000)
 ParOldGen       total 108544K, used 108342K [0x0000000760000000, 0x0000000766a00000, 0x00000007a0000000)
  object space 108544K, 99% used [0x0000000760000000,0x00000007669cd838,0x0000000766a00000)
 Metaspace       used 74390K, capacity 80886K, committed 81152K, reserved 1120256K
  class space    used 9229K, capacity 9940K, committed 9984K, reserved 1048576K

Deoptimization events (10 events):
Event: 15467.620 Thread 0x00007fe6958e2000 Uncommon trap: reason=unstable_if action=reinterpret pc=0x000000010c67fe10 method=com.android.dx.util.LabeledList.set(ILcom/android/dx/util/LabeledItem;)V @ 16
Event: 15468.322 Thread 0x00007fe695ea4800 Uncommon trap: reason=unstable_if action=reinterpret pc=0x000000010b76cf18 method=com.android.dx.ssa.SsaBasicBlock.scheduleMovesFromPhis()V @ 63
Event: 15468.401 Thread 0x00007fe694d04800 Uncommon trap: reason=class_check action=maybe_recompile pc=0x0000000108ebfd08 method=com.android.dx.ssa.SCCP.replaceConstants()V @ 127
Event: 15468.449 Thread 0x00007fe6964ff000 Uncommon trap: reason=unloaded action=reinterpret pc=0x00000001097d9bd8 method=com.android.dx.ssa.LiteralOpUpgrader$1.visitNonMoveInsn(Lcom/android/dx/ssa/NormalSsaInsn;)V @ 72
Event: 15468.451 Thread 0x00007fe695bcc800 Uncommon trap: reason=unloaded action=reinterpret pc=0x00000001097d9bd8 method=com.android.dx.ssa.LiteralOpUpgrader$1.visitNonMoveInsn(Lcom/android/dx/ssa/NormalSsaInsn;)V @ 72
Event: 15468.466 Thread 0x00007fe6964ff000 Uncommon trap: reason=unstable_if action=reinterpret pc=0x000000010a87d5d0 method=com.android.dx.ssa.SsaMethod.onSourcesChanged(Lcom/android/dx/ssa/SsaInsn;Lcom/android/dx/rop/code/RegisterSpecList;)V @ 9
Event: 15468.982 Thread 0x00007fe6953de000 Uncommon trap: reason=class_check action=maybe_recompile pc=0x0000000108ebfd08 method=com.android.dx.ssa.SCCP.replaceConstants()V @ 127
Event: 15468.985 Thread 0x00007fe6953de000 Uncommon trap: reason=class_check action=maybe_recompile pc=0x0000000108ebfd08 method=com.android.dx.ssa.SCCP.replaceConstants()V @ 127
Event: 15469.991 Thread 0x00007fe695a49800 Uncommon trap: reason=unstable_if action=reinterpret pc=0x000000010b2b4abc method=java.util.concurrent.ConcurrentHashMap.putVal(Ljava/lang/Object;Ljava/lang/Object;Z)Ljava/lang/Object; @ 331
Event: 15470.021 Thread 0x00007fe6964ff000 Uncommon trap: reason=bimorphic action=maybe_recompile pc=0x000000010a0bbbc4 method=com.android.dx.ssa.LiteralOpUpgrader.tryReplacingWithConstant(Lcom/android/dx/ssa/NormalSsaInsn;)Z @ 62

Internal exceptions (10 events):
Event: 15431.202 Thread 0x00007fe6958d6000 Exception <a 'sun/nio/fs/UnixException'> (0x00000007a743ae20) thrown at [/Volumes/Android_AOSP/AOSP-openjdk/external/jetbrains/jdk/hotspot/src/share/vm/prims/jni.cpp, line 709]
Event: 15431.202 Thread 0x00007fe6958d6000 Exception <a 'sun/nio/fs/UnixException'> (0x00000007a743ca10) thrown at [/Volumes/Android_AOSP/AOSP-openjdk/external/jetbrains/jdk/hotspot/src/share/vm/prims/jni.cpp, line 709]
Event: 15431.202 Thread 0x00007fe6958d6000 Exception <a 'sun/nio/fs/UnixException'> (0x00000007a743de00) thrown at [/Volumes/Android_AOSP/AOSP-openjdk/external/jetbrains/jdk/hotspot/src/share/vm/prims/jni.cpp, line 709]
Event: 15431.202 Thread 0x00007fe6958d6000 Exception <a 'sun/nio/fs/UnixException'> (0x00000007a743fb18) thrown at [/Volumes/Android_AOSP/AOSP-openjdk/external/jetbrains/jdk/hotspot/src/share/vm/prims/jni.cpp, line 709]
Event: 15431.202 Thread 0x00007fe6958d6000 Exception <a 'sun/nio/fs/UnixException'> (0x00000007a7440f78) thrown at [/Volumes/Android_AOSP/AOSP-openjdk/external/jetbrains/jdk/hotspot/src/share/vm/prims/jni.cpp, line 709]
Event: 15450.517 Thread 0x00007fe6958d6000 Implicit null exception at 0x0000000109be567d to 0x0000000109be6723
Event: 15466.300 Thread 0x00007fe695474000 Implicit null exception at 0x000000010bb52525 to 0x000000010bb5531d
Event: 15466.417 Thread 0x00007fe6972a6800 Implicit null exception at 0x000000010c3f81e8 to 0x000000010c3f8f85
Event: 15466.683 Thread 0x00007fe69651a000 Exception <a 'sun/nio/fs/UnixException'> (0x00000007ac922650) thrown at [/Volumes/Android_AOSP/AOSP-openjdk/external/jetbrains/jdk/hotspot/src/share/vm/prims/jni.cpp, line 709]
Event: 15468.466 Thread 0x00007fe6964ff000 Implicit null exception at 0x000000010a87cd53 to 0x000000010a87d5b5

Events (10 events):
Event: 15469.991 Thread 0x00007fe695a49800 Uncommon trap: trap_request=0xffffff65 fr.pc=0x000000010b2b4abc
Event: 15469.991 Thread 0x00007fe695a49800 DEOPT PACKING pc=0x000000010b2b4abc sp=0x00007000024ace20
Event: 15469.991 Thread 0x00007fe695a49800 DEOPT UNPACKING pc=0x0000000108c04f69 sp=0x00007000024acdb8 mode 2
Event: 15469.991 loading class java/util/concurrent/ConcurrentHashMap$TreeNode
Event: 15470.006 loading class java/util/concurrent/ConcurrentHashMap$TreeNode done
Event: 15470.006 loading class java/util/concurrent/ConcurrentHashMap$TreeBin
Event: 15470.021 Thread 0x00007fe6964ff000 Uncommon trap: trap_request=0xffffffc6 fr.pc=0x000000010a0bbbc4
Event: 15470.021 Thread 0x00007fe6964ff000 DEOPT PACKING pc=0x000000010a0bbbc4 sp=0x0000700001c94d90
Event: 15470.021 Thread 0x00007fe6964ff000 DEOPT UNPACKING pc=0x0000000108c04f69 sp=0x0000700001c94d40 mode 2
Event: 15470.032 Executing VM operation: ParallelGCFailedAllocation


Dynamic libraries:
0x0000000008a15000 	/System/Library/Frameworks/Cocoa.framework/Versions/A/Cocoa
0x0000000008a15000 	/System/Library/Frameworks/Security.framework/Versions/A/Security
0x0000000008a15000 	/System/Library/Frameworks/ApplicationServices.framework/Versions/A/ApplicationServices
0x0000000008a15000 	/usr/lib/libz.1.dylib
0x0000000008a15000 	/usr/lib/libSystem.B.dylib
0x0000000008a15000 	/usr/lib/libobjc.A.dylib
0x0000000008a15000 	/System/Library/Frameworks/Foundation.framework/Versions/C/Foundation
0x0000000008a15000 	/System/Library/Frameworks/CoreFoundation.framework/Versions/A/CoreFoundation
0x0000000008a15000 	/System/Library/Frameworks/AppKit.framework/Versions/C/AppKit
0x0000000008a15000 	/System/Library/Frameworks/CoreData.framework/Versions/A/CoreData
0x0000000008a15000 	/System/Library/PrivateFrameworks/RemoteViewServices.framework/Versions/A/RemoteViewServices
0x0000000008a15000 	/System/Library/PrivateFrameworks/UIFoundation.framework/Versions/A/UIFoundation
0x0000000008a15000 	/usr/lib/libScreenReader.dylib
0x0000000008a15000 	/System/Library/Frameworks/Accelerate.framework/Versions/A/Accelerate
0x0000000008a15000 	/System/Library/Frameworks/IOSurface.framework/Versions/A/IOSurface
0x0000000008a15000 	/System/Library/Frameworks/AudioToolbox.framework/Versions/A/AudioToolbox
0x0000000008a15000 	/System/Library/Frameworks/AudioUnit.framework/Versions/A/AudioUnit
0x0000000008a15000 	/System/Library/PrivateFrameworks/DataDetectorsCore.framework/Versions/A/DataDetectorsCore
0x0000000008a15000 	/System/Library/PrivateFrameworks/DesktopServicesPriv.framework/Versions/A/DesktopServicesPriv
0x0000000008a15000 	/System/Library/Frameworks/Carbon.framework/Versions/A/Frameworks/HIToolbox.framework/Versions/A/HIToolbox
0x0000000008a15000 	/System/Library/Frameworks/QuartzCore.framework/Versions/A/QuartzCore
0x0000000008a15000 	/System/Library/Frameworks/Carbon.framework/Versions/A/Frameworks/SpeechRecognition.framework/Versions/A/SpeechRecognition
0x0000000008a15000 	/usr/lib/libauto.dylib
0x0000000008a15000 	/usr/lib/libicucore.A.dylib
0x0000000008a15000 	/usr/lib/libxml2.2.dylib
0x0000000008a15000 	/System/Library/PrivateFrameworks/CoreUI.framework/Versions/A/CoreUI
0x0000000008a15000 	/System/Library/Frameworks/CoreAudio.framework/Versions/A/CoreAudio
0x0000000008a15000 	/System/Library/Frameworks/DiskArbitration.framework/Versions/A/DiskArbitration
0x0000000008a15000 	/usr/lib/liblangid.dylib
0x0000000008a15000 	/System/Library/PrivateFrameworks/MultitouchSupport.framework/Versions/A/MultitouchSupport
0x0000000008a15000 	/System/Library/Frameworks/IOKit.framework/Versions/A/IOKit
0x0000000008a15000 	/usr/lib/libDiagnosticMessagesClient.dylib
0x0000000008a15000 	/System/Library/Frameworks/CoreServices.framework/Versions/A/CoreServices
0x0000000008a15000 	/System/Library/PrivateFrameworks/PerformanceAnalysis.framework/Versions/A/PerformanceAnalysis
0x0000000008a15000 	/System/Library/PrivateFrameworks/GenerationalStorage.framework/Versions/A/GenerationalStorage
0x0000000008a15000 	/System/Library/Frameworks/OpenGL.framework/Versions/A/OpenGL
0x0000000008a15000 	/System/Library/PrivateFrameworks/Sharing.framework/Versions/A/Sharing
0x0000000008a15000 	/System/Library/Frameworks/CoreGraphics.framework/Versions/A/CoreGraphics
0x0000000008a15000 	/System/Library/Frameworks/CoreImage.framework/Versions/A/CoreImage
0x0000000008a15000 	/System/Library/Frameworks/CoreText.framework/Versions/A/CoreText
0x0000000008a15000 	/System/Library/Frameworks/ImageIO.framework/Versions/A/ImageIO
0x0000000008a15000 	/System/Library/PrivateFrameworks/Backup.framework/Versions/A/Backup
0x0000000008a15000 	/usr/lib/libextension.dylib
0x0000000008a15000 	/usr/lib/libarchive.2.dylib
0x0000000008a15000 	/System/Library/Frameworks/CFNetwork.framework/Versions/A/CFNetwork
0x0000000008a15000 	/System/Library/Frameworks/SystemConfiguration.framework/Versions/A/SystemConfiguration
0x0000000008a15000 	/usr/lib/libCRFSuite.dylib
0x0000000008a15000 	/usr/lib/libc++.1.dylib
0x0000000008a15000 	/usr/lib/libc++abi.dylib
0x0000000008a15000 	/usr/lib/system/libcache.dylib
0x0000000008a15000 	/usr/lib/system/libcommonCrypto.dylib
0x0000000008a15000 	/usr/lib/system/libcompiler_rt.dylib
0x0000000008a15000 	/usr/lib/system/libcopyfile.dylib
0x0000000008a15000 	/usr/lib/system/libcorecrypto.dylib
0x0000000008a15000 	/usr/lib/system/libdispatch.dylib
0x0000000008a15000 	/usr/lib/system/libdyld.dylib
0x0000000008a15000 	/usr/lib/system/libkeymgr.dylib
0x0000000008a15000 	/usr/lib/system/liblaunch.dylib
0x0000000008a15000 	/usr/lib/system/libmacho.dylib
0x0000000008a15000 	/usr/lib/system/libquarantine.dylib
0x0000000008a15000 	/usr/lib/system/libremovefile.dylib
0x0000000008a15000 	/usr/lib/system/libsystem_asl.dylib
0x0000000008a15000 	/usr/lib/system/libsystem_blocks.dylib
0x0000000008a15000 	/usr/lib/system/libsystem_c.dylib
0x0000000008a15000 	/usr/lib/system/libsystem_configuration.dylib
0x0000000008a15000 	/usr/lib/system/libsystem_coreservices.dylib
0x0000000008a15000 	/usr/lib/system/libsystem_coretls.dylib
0x0000000008a15000 	/usr/lib/system/libsystem_dnssd.dylib
0x0000000008a15000 	/usr/lib/system/libsystem_info.dylib
0x0000000008a15000 	/usr/lib/system/libsystem_kernel.dylib
0x0000000008a15000 	/usr/lib/system/libsystem_m.dylib
0x0000000008a15000 	/usr/lib/system/libsystem_malloc.dylib
0x0000000008a15000 	/usr/lib/system/libsystem_network.dylib
0x0000000008a15000 	/usr/lib/system/libsystem_networkextension.dylib
0x0000000008a15000 	/usr/lib/system/libsystem_notify.dylib
0x0000000008a15000 	/usr/lib/system/libsystem_platform.dylib
0x0000000008a15000 	/usr/lib/system/libsystem_pthread.dylib
0x0000000008a15000 	/usr/lib/system/libsystem_sandbox.dylib
0x0000000008a15000 	/usr/lib/system/libsystem_secinit.dylib
0x0000000008a15000 	/usr/lib/system/libsystem_trace.dylib
0x0000000008a15000 	/usr/lib/system/libunc.dylib
0x0000000008a15000 	/usr/lib/system/libunwind.dylib
0x0000000008a15000 	/usr/lib/system/libxpc.dylib
0x0000000008a15000 	/usr/lib/libenergytrace.dylib
0x0000000008a15000 	/usr/lib/libbsm.0.dylib
0x0000000008a15000 	/usr/lib/system/libkxld.dylib
0x0000000008a15000 	/usr/lib/libxar.1.dylib
0x0000000008a15000 	/usr/lib/libsqlite3.dylib
0x0000000008a15000 	/usr/lib/libpam.2.dylib
0x0000000008a15000 	/usr/lib/libOpenScriptingUtil.dylib
0x0000000008a15000 	/usr/lib/libbz2.1.0.dylib
0x0000000008a15000 	/usr/lib/liblzma.5.dylib
0x0000000008a15000 	/System/Library/Frameworks/CoreServices.framework/Versions/A/Frameworks/FSEvents.framework/Versions/A/FSEvents
0x0000000008a15000 	/System/Library/Frameworks/CoreServices.framework/Versions/A/Frameworks/CarbonCore.framework/Versions/A/CarbonCore
0x0000000008a15000 	/System/Library/Frameworks/CoreServices.framework/Versions/A/Frameworks/Metadata.framework/Versions/A/Metadata
0x0000000008a15000 	/System/Library/Frameworks/CoreServices.framework/Versions/A/Frameworks/OSServices.framework/Versions/A/OSServices
0x0000000008a15000 	/System/Library/Frameworks/CoreServices.framework/Versions/A/Frameworks/SearchKit.framework/Versions/A/SearchKit
0x0000000008a15000 	/System/Library/Frameworks/CoreServices.framework/Versions/A/Frameworks/AE.framework/Versions/A/AE
0x0000000008a15000 	/System/Library/Frameworks/CoreServices.framework/Versions/A/Frameworks/LaunchServices.framework/Versions/A/LaunchServices
0x0000000008a15000 	/System/Library/Frameworks/CoreServices.framework/Versions/A/Frameworks/DictionaryServices.framework/Versions/A/DictionaryServices
0x0000000008a15000 	/System/Library/Frameworks/CoreServices.framework/Versions/A/Frameworks/SharedFileList.framework/Versions/A/SharedFileList
0x0000000008a15000 	/System/Library/Frameworks/NetFS.framework/Versions/A/NetFS
0x0000000008a15000 	/System/Library/PrivateFrameworks/NetAuth.framework/Versions/A/NetAuth
0x0000000008a15000 	/System/Library/PrivateFrameworks/login.framework/Versions/A/Frameworks/loginsupport.framework/Versions/A/loginsupport
0x0000000008a15000 	/System/Library/PrivateFrameworks/TCC.framework/Versions/A/TCC
0x0000000008a15000 	/usr/lib/libmecabra.dylib
0x0000000008a15000 	/System/Library/Frameworks/ApplicationServices.framework/Versions/A/Frameworks/ATS.framework/Versions/A/ATS
0x0000000008a15000 	/System/Library/Frameworks/ApplicationServices.framework/Versions/A/Frameworks/ColorSync.framework/Versions/A/ColorSync
0x0000000008a15000 	/System/Library/Frameworks/ApplicationServices.framework/Versions/A/Frameworks/HIServices.framework/Versions/A/HIServices
0x0000000008a15000 	/System/Library/Frameworks/ApplicationServices.framework/Versions/A/Frameworks/LangAnalysis.framework/Versions/A/LangAnalysis
0x0000000008a15000 	/System/Library/Frameworks/ApplicationServices.framework/Versions/A/Frameworks/PrintCore.framework/Versions/A/PrintCore
0x0000000008a15000 	/System/Library/Frameworks/ApplicationServices.framework/Versions/A/Frameworks/QD.framework/Versions/A/QD
0x0000000008a15000 	/System/Library/Frameworks/ApplicationServices.framework/Versions/A/Frameworks/SpeechSynthesis.framework/Versions/A/SpeechSynthesis
0x0000000008a15000 	/System/Library/Frameworks/Metal.framework/Versions/A/Metal
0x0000000008a15000 	/System/Library/Frameworks/Accelerate.framework/Versions/A/Frameworks/vImage.framework/Versions/A/vImage
0x0000000008a15000 	/System/Library/Frameworks/Accelerate.framework/Versions/A/Frameworks/vecLib.framework/Versions/A/vecLib
0x0000000008a15000 	/System/Library/Frameworks/Accelerate.framework/Versions/A/Frameworks/vecLib.framework/Versions/A/libvDSP.dylib
0x0000000008a15000 	/System/Library/Frameworks/Accelerate.framework/Versions/A/Frameworks/vecLib.framework/Versions/A/libvMisc.dylib
0x0000000008a15000 	/System/Library/Frameworks/Accelerate.framework/Versions/A/Frameworks/vecLib.framework/Versions/A/libLAPACK.dylib
0x0000000008a15000 	/System/Library/Frameworks/Accelerate.framework/Versions/A/Frameworks/vecLib.framework/Versions/A/libBLAS.dylib
0x0000000008a15000 	/System/Library/Frameworks/Accelerate.framework/Versions/A/Frameworks/vecLib.framework/Versions/A/libLinearAlgebra.dylib
0x0000000008a15000 	/System/Library/Frameworks/Accelerate.framework/Versions/A/Frameworks/vecLib.framework/Versions/A/libSparseBLAS.dylib
0x0000000008a15000 	/System/Library/PrivateFrameworks/GPUCompiler.framework/libmetal_timestamp.dylib
0x0000000008a15000 	/System/Library/Frameworks/OpenGL.framework/Versions/A/Libraries/libCoreFSCache.dylib
0x0000000008a15000 	/System/Library/PrivateFrameworks/IOAccelerator.framework/Versions/A/IOAccelerator
0x0000000008a15000 	/System/Library/Frameworks/ApplicationServices.framework/Versions/A/Frameworks/ATS.framework/Versions/A/Resources/libFontParser.dylib
0x0000000008a15000 	/System/Library/Frameworks/ApplicationServices.framework/Versions/A/Frameworks/ATS.framework/Versions/A/Resources/libFontRegistry.dylib
0x0000000008a15000 	/System/Library/PrivateFrameworks/AppleVPA.framework/Versions/A/AppleVPA
0x0000000008a15000 	/System/Library/PrivateFrameworks/AppleJPEG.framework/Versions/A/AppleJPEG
0x0000000008a15000 	/System/Library/Frameworks/ImageIO.framework/Versions/A/Resources/libJPEG.dylib
0x0000000008a15000 	/System/Library/Frameworks/ImageIO.framework/Versions/A/Resources/libTIFF.dylib
0x0000000008a15000 	/System/Library/Frameworks/ImageIO.framework/Versions/A/Resources/libPng.dylib
0x0000000008a15000 	/System/Library/Frameworks/ImageIO.framework/Versions/A/Resources/libGIF.dylib
0x0000000008a15000 	/System/Library/Frameworks/ImageIO.framework/Versions/A/Resources/libJP2.dylib
0x0000000008a15000 	/System/Library/Frameworks/ImageIO.framework/Versions/A/Resources/libRadiance.dylib
0x0000000008a15000 	/System/Library/Frameworks/CoreVideo.framework/Versions/A/CoreVideo
0x0000000008a15000 	/System/Library/Frameworks/OpenGL.framework/Versions/A/Libraries/libGLU.dylib
0x0000000008a15000 	/System/Library/Frameworks/OpenGL.framework/Versions/A/Libraries/libGFXShared.dylib
0x0000000008a15000 	/System/Library/Frameworks/OpenGL.framework/Versions/A/Libraries/libGL.dylib
0x0000000008a15000 	/System/Library/Frameworks/OpenGL.framework/Versions/A/Libraries/libGLImage.dylib
0x0000000008a15000 	/System/Library/Frameworks/OpenGL.framework/Versions/A/Libraries/libCVMSPluginSupport.dylib
0x0000000008a15000 	/System/Library/Frameworks/OpenGL.framework/Versions/A/Libraries/libCoreVMClient.dylib
0x0000000008a15000 	/usr/lib/libcompression.dylib
0x0000000008a15000 	/usr/lib/libcups.2.dylib
0x0000000008a15000 	/System/Library/Frameworks/Kerberos.framework/Versions/A/Kerberos
0x0000000008a15000 	/System/Library/Frameworks/GSS.framework/Versions/A/GSS
0x0000000008a15000 	/usr/lib/libresolv.9.dylib
0x0000000008a15000 	/usr/lib/libiconv.2.dylib
0x0000000008a15000 	/System/Library/PrivateFrameworks/Heimdal.framework/Versions/A/Heimdal
0x0000000008a15000 	/usr/lib/libheimdal-asn1.dylib
0x0000000008a15000 	/System/Library/Frameworks/OpenDirectory.framework/Versions/A/OpenDirectory
0x0000000008a15000 	/System/Library/PrivateFrameworks/CommonAuth.framework/Versions/A/CommonAuth
0x0000000008a15000 	/System/Library/Frameworks/OpenDirectory.framework/Versions/A/Frameworks/CFOpenDirectory.framework/Versions/A/CFOpenDirectory
0x0000000008a15000 	/System/Library/Frameworks/SecurityFoundation.framework/Versions/A/SecurityFoundation
0x0000000008a15000 	/System/Library/PrivateFrameworks/LanguageModeling.framework/Versions/A/LanguageModeling
0x0000000008a15000 	/usr/lib/libmarisa.dylib
0x0000000008a15000 	/usr/lib/libChineseTokenizer.dylib
0x0000000008a15000 	/usr/lib/libcmph.dylib
0x0000000008a15000 	/System/Library/Frameworks/ServiceManagement.framework/Versions/A/ServiceManagement
0x0000000008a15000 	/usr/lib/libxslt.1.dylib
0x0000000008a15000 	/System/Library/Frameworks/Carbon.framework/Versions/A/Frameworks/Ink.framework/Versions/A/Ink
0x0000000008a15000 	/usr/lib/libFosl_dynamic.dylib
0x0000000008a15000 	/System/Library/PrivateFrameworks/FaceCore.framework/Versions/A/FaceCore
0x0000000008a15000 	/System/Library/Frameworks/OpenCL.framework/Versions/A/OpenCL
0x0000000008a15000 	/System/Library/PrivateFrameworks/CrashReporterSupport.framework/Versions/A/CrashReporterSupport
0x0000000008a15000 	/System/Library/PrivateFrameworks/IconServices.framework/Versions/A/IconServices
0x0000000008a15000 	/System/Library/PrivateFrameworks/Apple80211.framework/Versions/A/Apple80211
0x0000000008a15000 	/System/Library/Frameworks/CoreWLAN.framework/Versions/A/CoreWLAN
0x0000000008a15000 	/System/Library/Frameworks/IOBluetooth.framework/Versions/A/IOBluetooth
0x0000000008a15000 	/System/Library/PrivateFrameworks/CoreWiFi.framework/Versions/A/CoreWiFi
0x0000000008a15000 	/System/Library/Frameworks/CoreBluetooth.framework/Versions/A/CoreBluetooth
0x0000000008a15000 	/System/Library/PrivateFrameworks/ChunkingLibrary.framework/Versions/A/ChunkingLibrary
0x0000000008a15000 	/System/Library/PrivateFrameworks/DebugSymbols.framework/Versions/A/DebugSymbols
0x0000000008a15000 	/System/Library/PrivateFrameworks/CoreSymbolication.framework/Versions/A/CoreSymbolication
0x0000000008a15000 	/System/Library/PrivateFrameworks/Symbolication.framework/Versions/A/Symbolication
0x0000000008a15000 	/System/Library/PrivateFrameworks/SpeechRecognitionCore.framework/Versions/A/SpeechRecognitionCore
0x0000000107b45000 	/Applications/Android Studio.app/Contents/jre/jdk/Contents/Home/jre/lib/server/libjvm.dylib
0x0000000008a15000 	/usr/lib/libstdc++.6.dylib
0x000000010863f000 	/Applications/Android Studio.app/Contents/jre/jdk/Contents/Home/jre/lib/libverify.dylib
0x000000010864c000 	/Applications/Android Studio.app/Contents/jre/jdk/Contents/Home/jre/lib/libjava.dylib
0x000000010868b000 	/Applications/Android Studio.app/Contents/jre/jdk/Contents/Home/jre/lib/libzip.dylib
0x000000011cafc000 	/System/Library/Frameworks/JavaVM.framework/Frameworks/JavaRuntimeSupport.framework/JavaRuntimeSupport
0x000000011cb17000 	/System/Library/Frameworks/JavaVM.framework/Versions/A/Frameworks/JavaNativeFoundation.framework/Versions/A/JavaNativeFoundation
0x000000011cb2c000 	/System/Library/Frameworks/JavaVM.framework/Versions/A/JavaVM
0x0000000008a15000 	/System/Library/Frameworks/Carbon.framework/Versions/A/Carbon
0x000000011cb39000 	/System/Library/PrivateFrameworks/JavaLaunching.framework/Versions/A/JavaLaunching
0x0000000008a15000 	/System/Library/Frameworks/Carbon.framework/Versions/A/Frameworks/CommonPanels.framework/Versions/A/CommonPanels
0x0000000008a15000 	/System/Library/Frameworks/Carbon.framework/Versions/A/Frameworks/Help.framework/Versions/A/Help
0x0000000008a15000 	/System/Library/Frameworks/Carbon.framework/Versions/A/Frameworks/ImageCapture.framework/Versions/A/ImageCapture
0x0000000008a15000 	/System/Library/Frameworks/Carbon.framework/Versions/A/Frameworks/OpenScripting.framework/Versions/A/OpenScripting
0x0000000008a15000 	/System/Library/Frameworks/Carbon.framework/Versions/A/Frameworks/Print.framework/Versions/A/Print
0x0000000008a15000 	/System/Library/Frameworks/Carbon.framework/Versions/A/Frameworks/SecurityHI.framework/Versions/A/SecurityHI
0x000000011e9e9000 	/Applications/Android Studio.app/Contents/jre/jdk/Contents/Home/jre/lib/libnet.dylib
0x000000011ea00000 	/Applications/Android Studio.app/Contents/jre/jdk/Contents/Home/jre/lib/libnio.dylib
0x000000011ea10000 	/Users/Zeb/.gradle/native/23/osx-amd64/libnative-platform.dylib
0x000000011ee07000 	/Applications/Android Studio.app/Contents/jre/jdk/Contents/Home/jre/lib/libmanagement.dylib
0x000000011e8cb000 	/Applications/Android Studio.app/Contents/jre/jdk/Contents/Home/jre/lib/libsunec.dylib

VM Arguments:
jvm_args: -Xmx1536m -Dfile.encoding=UTF-8 -Duser.country=US -Duser.language=en -Duser.variant 
java_command: org.gradle.launcher.daemon.bootstrap.GradleDaemon 3.3
java_class_path (initial): /Users/Zeb/.gradle/wrapper/dists/gradle-3.3-all/55gk2rcmfc6p2dg9u9ohc3hw9/gradle-3.3/lib/gradle-launcher-3.3.jar
Launcher Type: SUN_STANDARD

Environment Variables:
PATH=/usr/bin:/bin:/usr/sbin:/sbin
SHELL=/bin/bash

Signal Handlers:
SIGSEGV: [libjvm.dylib+0x57e9cd], sa_mask[0]=11111111011111110111111111111111, sa_flags=SA_ONSTACK|SA_RESTART|SA_SIGINFO
SIGBUS: [libjvm.dylib+0x57e9cd], sa_mask[0]=11111111011111110111111111111111, sa_flags=SA_RESTART|SA_SIGINFO
SIGFPE: [libjvm.dylib+0x45951c], sa_mask[0]=11111111011111110111111111111111, sa_flags=SA_RESTART|SA_SIGINFO
SIGPIPE: [libjvm.dylib+0x45951c], sa_mask[0]=11111111011111110111111111111111, sa_flags=SA_RESTART|SA_SIGINFO
SIGXFSZ: [libjvm.dylib+0x45951c], sa_mask[0]=11111111011111110111111111111111, sa_flags=SA_RESTART|SA_SIGINFO
SIGILL: [libjvm.dylib+0x45951c], sa_mask[0]=11111111011111110111111111111111, sa_flags=SA_RESTART|SA_SIGINFO
SIGUSR1: SIG_DFL, sa_mask[0]=00000000000000000000000000000000, sa_flags=none
SIGUSR2: [libjvm.dylib+0x45903a], sa_mask[0]=00100000000000000000000000000000, sa_flags=SA_RESTART|SA_SIGINFO
SIGHUP: [libjvm.dylib+0x457611], sa_mask[0]=11111111011111110111111111111111, sa_flags=SA_RESTART|SA_SIGINFO
SIGINT: [libjvm.dylib+0x457611], sa_mask[0]=11111111011111110111111111111111, sa_flags=SA_RESTART|SA_SIGINFO
SIGTERM: [libjvm.dylib+0x457611], sa_mask[0]=11111111011111110111111111111111, sa_flags=SA_RESTART|SA_SIGINFO
SIGQUIT: [libjvm.dylib+0x457611], sa_mask[0]=11111111011111110111111111111111, sa_flags=SA_RESTART|SA_SIGINFO


---------------  S Y S T E M  ---------------

OS:Bsduname:Darwin 15.6.0 Darwin Kernel Version 15.6.0: Fri Feb 17 10:21:18 PST 2017; root:xnu-3248.60.11.4.1~1/RELEASE_X86_64 x86_64
rlimit: STACK 8192k, CORE 0k, NPROC 709, NOFILE 10240, AS infinity
load average:3.32 3.49 7.54

CPU:total 2 (2 cores per cpu, 1 threads per core) family 6 model 23 stepping 6, cmov, cx8, fxsr, mmx, sse, sse2, sse3, ssse3, sse4.1, tsc

Memory: 4k page, physical 4194304k(24932k free)

/proc/meminfo:


vm_info: OpenJDK 64-Bit Server VM (25.112-b06) for bsd-amd64 JRE (1.8.0_112-release-b06), built on Dec  6 2016 12:18:58 by "builder" with gcc 4.2.1 (Based on Apple Inc. build 5658) (LLVM build 2336.11.00)

time: Fri Apr 21 13:32:33 2017
elapsed time: 15475 seconds (0d 4h 17m 55s)

